Command line invocation:
    /Applications/Xcode.app/Contents/Developer/usr/bin/xcodebuild -project Builds/MacOSX/AudioSynthesiserDemo.xcodeproj -scheme "AudioSynthesiserDemo - App" -configuration Debug build

2025-12-08 12:50:32.874 xcodebuild[12063:237987] [MT] IDERunDestination: Supported platforms for the buildables in the current scheme is empty.
--- xcodebuild: WARNING: Using the first of multiple matching destinations:
{ platform:macOS, arch:arm64, id:00006030-0018395A0150001C, name:My Mac }
{ platform:macOS, arch:x86_64, id:00006030-0018395A0150001C, name:My Mac }
{ platform:macOS, name:Any Mac }
ComputePackagePrebuildTargetDependencyGraph

Prepare packages

CreateBuildRequest

SendProjectDescription

CreateBuildOperation

ComputeTargetDependencyGraph
note: Building targets in dependency order
note: Target dependency graph (1 target)
    Target 'AudioSynthesiserDemo - App' in project 'AudioSynthesiserDemo' (no dependencies)

GatherProvisioningInputs

CreateBuildDescription

ExecuteExternalTool /Applications/Xcode.app/Contents/Developer/Toolchains/XcodeDefault.xctoolchain/usr/bin/clang -v -E -dM -isysroot /Applications/Xcode.app/Contents/Developer/Platforms/MacOSX.platform/Developer/SDKs/MacOSX26.1.sdk -x c -c /dev/null

ExecuteExternalTool /Applications/Xcode.app/Contents/Developer/Toolchains/XcodeDefault.xctoolchain/usr/bin/clang -v -E -dM -arch arm64 -isysroot /Applications/Xcode.app/Contents/Developer/Platforms/MacOSX.platform/Developer/SDKs/MacOSX26.1.sdk -x c++ -c /dev/null

ExecuteExternalTool /Applications/Xcode.app/Contents/Developer/Toolchains/XcodeDefault.xctoolchain/usr/bin/clang -v -E -dM -arch arm64 -isysroot /Applications/Xcode.app/Contents/Developer/Platforms/MacOSX.platform/Developer/SDKs/MacOSX26.1.sdk -x c -c /dev/null

ExecuteExternalTool /Applications/Xcode.app/Contents/Developer/Toolchains/XcodeDefault.xctoolchain/usr/bin/clang -v -E -dM -arch arm64 -isysroot /Applications/Xcode.app/Contents/Developer/Platforms/MacOSX.platform/Developer/SDKs/MacOSX26.1.sdk -x objective-c++ -c /dev/null

ExecuteExternalTool /Applications/Xcode.app/Contents/Developer/Toolchains/XcodeDefault.xctoolchain/usr/bin/ld -version_details

Build description signature: 7c49b85332be74751bd7df6c5ee99d11
Build description path: /Users/muammereren/Library/Developer/Xcode/DerivedData/AudioSynthesiserDemo-cogdyhepoeldrhftnffcabznwqiv/Build/Intermediates.noindex/XCBuildData/7c49b85332be74751bd7df6c5ee99d11.xcbuilddata
ClangStatCache /Applications/Xcode.app/Contents/Developer/Toolchains/XcodeDefault.xctoolchain/usr/bin/clang-stat-cache /Applications/Xcode.app/Contents/Developer/Platforms/MacOSX.platform/Developer/SDKs/MacOSX26.1.sdk /Users/muammereren/Library/Developer/Xcode/DerivedData/SDKStatCaches.noindex/macosx26.1-25B74-3ae1261907bdadc328169391a47051a6.sdkstatcache
    cd /Users/muammereren/Desktop/audiosofts/spheresynth/Builds/MacOSX/AudioSynthesiserDemo.xcodeproj
    /Applications/Xcode.app/Contents/Developer/Toolchains/XcodeDefault.xctoolchain/usr/bin/clang-stat-cache /Applications/Xcode.app/Contents/Developer/Platforms/MacOSX.platform/Developer/SDKs/MacOSX26.1.sdk -o /Users/muammereren/Library/Developer/Xcode/DerivedData/SDKStatCaches.noindex/macosx26.1-25B74-3ae1261907bdadc328169391a47051a6.sdkstatcache

ProcessProductPackaging "" /Users/muammereren/Library/Developer/Xcode/DerivedData/AudioSynthesiserDemo-cogdyhepoeldrhftnffcabznwqiv/Build/Intermediates.noindex/AudioSynthesiserDemo.build/Debug/AudioSynthesiserDemo\ -\ App.build/SphereSynth.app.xcent (in target 'AudioSynthesiserDemo - App' from project 'AudioSynthesiserDemo')
    cd /Users/muammereren/Desktop/audiosofts/spheresynth/Builds/MacOSX
    
    Entitlements:
    
    {
    "com.apple.security.get-task-allow" = 1;
}
    
    builtin-productPackagingUtility -entitlements -format xml -o /Users/muammereren/Library/Developer/Xcode/DerivedData/AudioSynthesiserDemo-cogdyhepoeldrhftnffcabznwqiv/Build/Intermediates.noindex/AudioSynthesiserDemo.build/Debug/AudioSynthesiserDemo\ -\ App.build/SphereSynth.app.xcent

ProcessProductPackagingDER /Users/muammereren/Library/Developer/Xcode/DerivedData/AudioSynthesiserDemo-cogdyhepoeldrhftnffcabznwqiv/Build/Intermediates.noindex/AudioSynthesiserDemo.build/Debug/AudioSynthesiserDemo\ -\ App.build/SphereSynth.app.xcent /Users/muammereren/Library/Developer/Xcode/DerivedData/AudioSynthesiserDemo-cogdyhepoeldrhftnffcabznwqiv/Build/Intermediates.noindex/AudioSynthesiserDemo.build/Debug/AudioSynthesiserDemo\ -\ App.build/SphereSynth.app.xcent.der (in target 'AudioSynthesiserDemo - App' from project 'AudioSynthesiserDemo')
    cd /Users/muammereren/Desktop/audiosofts/spheresynth/Builds/MacOSX
    /usr/bin/derq query -f xml -i /Users/muammereren/Library/Developer/Xcode/DerivedData/AudioSynthesiserDemo-cogdyhepoeldrhftnffcabznwqiv/Build/Intermediates.noindex/AudioSynthesiserDemo.build/Debug/AudioSynthesiserDemo\ -\ App.build/SphereSynth.app.xcent -o /Users/muammereren/Library/Developer/Xcode/DerivedData/AudioSynthesiserDemo-cogdyhepoeldrhftnffcabznwqiv/Build/Intermediates.noindex/AudioSynthesiserDemo.build/Debug/AudioSynthesiserDemo\ -\ App.build/SphereSynth.app.xcent.der --raw

ProcessInfoPlistFile /Users/muammereren/Desktop/audiosofts/spheresynth/Builds/MacOSX/build/Debug/SphereSynth.app/Contents/Info.plist /Users/muammereren/Desktop/audiosofts/spheresynth/Builds/MacOSX/Info-App.plist (in target 'AudioSynthesiserDemo - App' from project 'AudioSynthesiserDemo')
    cd /Users/muammereren/Desktop/audiosofts/spheresynth/Builds/MacOSX
    builtin-infoPlistUtility /Users/muammereren/Desktop/audiosofts/spheresynth/Builds/MacOSX/Info-App.plist -producttype com.apple.product-type.application -genpkginfo /Users/muammereren/Desktop/audiosofts/spheresynth/Builds/MacOSX/build/Debug/SphereSynth.app/Contents/PkgInfo -expandbuildsettings -platform macosx -o /Users/muammereren/Desktop/audiosofts/spheresynth/Builds/MacOSX/build/Debug/SphereSynth.app/Contents/Info.plist

CompileC /Users/muammereren/Library/Developer/Xcode/DerivedData/AudioSynthesiserDemo-cogdyhepoeldrhftnffcabznwqiv/Build/Intermediates.noindex/AudioSynthesiserDemo.build/Debug/AudioSynthesiserDemo\ -\ App.build/Objects-normal/arm64/Main.o /Users/muammereren/Desktop/audiosofts/spheresynth/Source/Main.cpp normal arm64 c++ com.apple.compilers.llvm.clang.1_0.compiler (in target 'AudioSynthesiserDemo - App' from project 'AudioSynthesiserDemo')
    cd /Users/muammereren/Desktop/audiosofts/spheresynth/Builds/MacOSX
    
    Using response file: /Users/muammereren/Library/Developer/Xcode/DerivedData/AudioSynthesiserDemo-cogdyhepoeldrhftnffcabznwqiv/Build/Intermediates.noindex/AudioSynthesiserDemo.build/Debug/AudioSynthesiserDemo - App.build/Objects-normal/arm64/82b82416624d2658e5098eb0a28c15c5-common-args.resp
    
    /Applications/Xcode.app/Contents/Developer/Toolchains/XcodeDefault.xctoolchain/usr/bin/clang -x c++ -ivfsstatcache /Users/muammereren/Library/Developer/Xcode/DerivedData/SDKStatCaches.noindex/macosx26.1-25B74-3ae1261907bdadc328169391a47051a6.sdkstatcache -fmessage-length\=0 -fdiagnostics-show-note-include-stack -fmacro-backtrace-limit\=0 -fno-color-diagnostics -Wno-trigraphs -Wno-missing-field-initializers -Wno-missing-prototypes -Wunreachable-code -Wnon-virtual-dtor -Wno-overloaded-virtual -Wno-exit-time-destructors -Wno-missing-braces -Wparentheses -Wswitch -Wunused-function -Wno-unused-label -Wno-unused-parameter -Wunused-variable -Wunused-value -Wempty-body -Wuninitialized -Wno-unknown-pragmas -Wno-shadow -Wno-four-char-constants -Wno-conversion -Wconstant-conversion -Wint-conversion -Wbool-conversion -Wenum-conversion -Wno-float-conversion -Wnon-literal-null-conversion -Wobjc-literal-conversion -Wshorten-64-to-32 -Wno-newline-eof -Wno-c++11-extensions -Wno-implicit-fallthrough -fstrict-aliasing -Wdeprecated-declarations -Winvalid-offsetof -Wno-sign-conversion -Winfinite-recursion -Wmove -Wcomma -Wblock-capture-autoreleasing -Wstrict-prototypes -Wrange-loop-analysis -Wno-semicolon-before-method-body -index-store-path /Users/muammereren/Library/Developer/Xcode/DerivedData/AudioSynthesiserDemo-cogdyhepoeldrhftnffcabznwqiv/Index.noindex/DataStore -Wreorder @/Users/muammereren/Library/Developer/Xcode/DerivedData/AudioSynthesiserDemo-cogdyhepoeldrhftnffcabznwqiv/Build/Intermediates.noindex/AudioSynthesiserDemo.build/Debug/AudioSynthesiserDemo\ -\ App.build/Objects-normal/arm64/82b82416624d2658e5098eb0a28c15c5-common-args.resp -MMD -MT dependencies -MF /Users/muammereren/Library/Developer/Xcode/DerivedData/AudioSynthesiserDemo-cogdyhepoeldrhftnffcabznwqiv/Build/Intermediates.noindex/AudioSynthesiserDemo.build/Debug/AudioSynthesiserDemo\ -\ App.build/Objects-normal/arm64/Main.d --serialize-diagnostics /Users/muammereren/Library/Developer/Xcode/DerivedData/AudioSynthesiserDemo-cogdyhepoeldrhftnffcabznwqiv/Build/Intermediates.noindex/AudioSynthesiserDemo.build/Debug/AudioSynthesiserDemo\ -\ App.build/Objects-normal/arm64/Main.dia -c /Users/muammereren/Desktop/audiosofts/spheresynth/Source/Main.cpp -o /Users/muammereren/Library/Developer/Xcode/DerivedData/AudioSynthesiserDemo-cogdyhepoeldrhftnffcabznwqiv/Build/Intermediates.noindex/AudioSynthesiserDemo.build/Debug/AudioSynthesiserDemo\ -\ App.build/Objects-normal/arm64/Main.o -index-unit-output-path /AudioSynthesiserDemo.build/Debug/AudioSynthesiserDemo\ -\ App.build/Objects-normal/arm64/Main.o
In file included from /Users/muammereren/Desktop/audiosofts/spheresynth/Source/Main.cpp:9:
/Users/muammereren/Desktop/audiosofts/spheresynth/Source/AudioSynthesiserDemo.h:33:1: warning: '/*' within block comment [-Wcomment]
   33 | /*
      | ^
/Users/muammereren/Desktop/audiosofts/spheresynth/Source/AudioSynthesiserDemo.h:328:49: error: no member named 'currentExecutableLocation' in 'juce::File'; did you mean 'currentExecutableFile'?
  328 |       auto exe = File::getSpecialLocation(File::currentExecutableLocation);
      |                                           ~~~~~~^~~~~~~~~~~~~~~~~~~~~~~~~
      |                                                 currentExecutableFile
In file included from /Users/muammereren/Desktop/audiosofts/spheresynth/Source/Main.cpp:9:
In file included from /Users/muammereren/Desktop/audiosofts/spheresynth/Source/AudioSynthesiserDemo.h:87:
In file included from /Users/muammereren/Desktop/audiosofts/spheresynth/Source/DemoUtilities.h:27:
In file included from /Users/muammereren/Desktop/audiosofts/spheresynth/JuceLibraryCode/JuceHeader.h:16:
In file included from /Users/muammereren/JUCE/modules/juce_audio_basics/juce_audio_basics.h:66:
In file included from /Users/muammereren/JUCE/modules/juce_core/juce_core.h:319:
/Users/muammereren/JUCE/modules/juce_core/files/juce_File.h:950:9: note: 'currentExecutableFile' declared here
  950 |         currentExecutableFile,
      |         ^
1 warning and 1 error generated.

** BUILD FAILED **


The following build commands failed:
	CompileC /Users/muammereren/Library/Developer/Xcode/DerivedData/AudioSynthesiserDemo-cogdyhepoeldrhftnffcabznwqiv/Build/Intermediates.noindex/AudioSynthesiserDemo.build/Debug/AudioSynthesiserDemo\ -\ App.build/Objects-normal/arm64/Main.o /Users/muammereren/Desktop/audiosofts/spheresynth/Source/Main.cpp normal arm64 c++ com.apple.compilers.llvm.clang.1_0.compiler (in target 'AudioSynthesiserDemo - App' from project 'AudioSynthesiserDemo')
	Building project AudioSynthesiserDemo with scheme AudioSynthesiserDemo - App and configuration Debug
(2 failures)
